#
# A fatal error has been detected by the Java Runtime Environment:
#
#  SIGSEGV (0xb) at pc=0x000000010fa035d4, pid=2808, tid=5635
#
# JRE version: Java(TM) SE Runtime Environment (16.0+36) (build 16+36-2231)
# Java VM: Java HotSpot(TM) 64-Bit Server VM (16+36-2231, mixed mode, sharing, tiered, compressed oops, g1 gc, bsd-amd64)
# Problematic frame:
# V  [libjvm.dylib+0x35d4]  AccessInternal::PostRuntimeDispatch<G1BarrierSet::AccessBarrier<548964ull, G1BarrierSet>, (AccessInternal::BarrierType)2, 548964ull>::oop_access_barrier(void*)+0x4
#
# No core dump will be written. Core dumps have been disabled. To enable core dumping, try "ulimit -c unlimited" before starting Java again
#
# If you would like to submit a bug report, please visit:
#   https://bugreport.java.com/bugreport/crash.jsp
#

---------------  S U M M A R Y ------------

Command Line: -Dfile.encoding=UTF-8 -XX:+ShowCodeDetailsInExceptionMessages org.eclipse.persistence.internal.libraries.asm.util.CheckClassAdapter$1

Host: MacBookPro12,1 x86_64 2700 MHz, 4 cores, 8G, Darwin 19.6.0, macOS 10.15.7 (19H524)
Time: Wed Mar 16 18:24:07 2022 CET elapsed time: 0.388172 seconds (0d 0h 0m 0s)

---------------  T H R E A D  ---------------

Current thread (0x00007ff5af80cc00):  JavaThread "main" [_thread_in_vm, id=5635, stack(0x00007000020df000,0x00007000021df000)]

Stack: [0x00007000020df000,0x00007000021df000],  sp=0x00007000021dedf0,  free space=1023k
Native frames: (J=compiled Java code, A=aot compiled Java code, j=interpreted, Vv=VM code, C=native code)
V  [libjvm.dylib+0x35d4]  AccessInternal::PostRuntimeDispatch<G1BarrierSet::AccessBarrier<548964ull, G1BarrierSet>, (AccessInternal::BarrierType)2, 548964ull>::oop_access_barrier(void*)+0x4
V  [libjvm.dylib+0x576493]  jni_GetStringUTFChars+0xc3
C  [libjli.dylib+0x78a6]  PostJVMInit+0xa6
C  [libjli.dylib+0x4e3a]  JavaMain+0xb9a
C  [libjli.dylib+0x7519]  ThreadJavaMain+0x9
C  [libsystem_pthread.dylib+0x6109]  _pthread_start+0x94
C  [libsystem_pthread.dylib+0x1b8b]  thread_start+0xf


siginfo: si_signo: 11 (SIGSEGV), si_code: 1 (SEGV_MAPERR), si_addr: 0x0000000000000000

Register to memory mapping:

RAX=0x000000011064b3fe: _ZTV10JavaThread+0xa6 in /Library/Java/JavaVirtualMachines/jdk-16.jdk/Contents/Home/lib/server/libjvm.dylib at 0x000000010fa00000
RBX=0x0 is NULL
RCX=0x0000000110659eb8: jni_NativeInterface+0 in /Library/Java/JavaVirtualMachines/jdk-16.jdk/Contents/Home/lib/server/libjvm.dylib at 0x000000010fa00000
RDX=0x0 is NULL
RSP=0x00007000021dedf0 is pointing into the stack for thread: 0x00007ff5af80cc00
RBP=0x00007000021dedf0 is pointing into the stack for thread: 0x00007ff5af80cc00
RSI=0x0 is NULL
RDI=0x0 is NULL
R8 =0x0 is NULL
R9 =0x0 is NULL
R10=0x00000001106b7330: _ZN19TemplateInterpreter13_active_tableE+0x4800 in /Library/Java/JavaVirtualMachines/jdk-16.jdk/Contents/Home/lib/server/libjvm.dylib at 0x000000010fa00000
R11=0x0000000800590500 is pointing into metadata
R12=0x00007ff5af80cc00 is a thread
R13=0x0 is NULL
R14=0x0 is NULL
R15=0x0 is NULL


Registers:
RAX=0x000000011064b3fe, RBX=0x0000000000000000, RCX=0x0000000110659eb8, RDX=0x0000000000000000
RSP=0x00007000021dedf0, RBP=0x00007000021dedf0, RSI=0x0000000000000000, RDI=0x0000000000000000
R8 =0x0000000000000000, R9 =0x0000000000000000, R10=0x00000001106b7330, R11=0x0000000800590500
R12=0x00007ff5af80cc00, R13=0x0000000000000000, R14=0x0000000000000000, R15=0x0000000000000000
RIP=0x000000010fa035d4, EFLAGS=0x0000000000010246, ERR=0x0000000000000004
  TRAPNO=0x000000000000000e

Top of Stack: (sp=0x00007000021dedf0)
0x00007000021dedf0:   00007000021dee80 000000010ff76493
0x00007000021dee00:   00007ff5af80cc00 0000000000000000
0x00007000021dee10:   000000010f165b76 000000010f165b65
0x00007000021dee20:   994651020dc9006a 00007ff5af80cf10
0x00007000021dee30:   00007ff5af80cc00 0000000000000000
0x00007000021dee40:   0000000000000000 00007ff5af80cc00
0x00007000021dee50:   00007000021dee80 00007ff5af80cf10
0x00007000021dee60:   00007ff5aed078d0 0000000000000000
0x00007000021dee70:   0000000000000000 00007ff5af80cf10
0x00007000021dee80:   00007000021def10 000000010f1618a6
0x00007000021dee90:   0000000000000000 00007ff5af80cc00
0x00007000021deea0:   00007000021deed0 000000010ff63480
0x00007000021deeb0:   994651020dc9006a 00007ff5aed078e8
0x00007000021deec0:   00007ff5aed078d0 0000000000000000
0x00007000021deed0:   00007ff5aed078d8 00007ff5af80cc00
0x00007000021deee0:   00007000021def10 994651020dc9006a
0x00007000021deef0:   00007ff5aed078e8 00007ff5aed078d0
0x00007000021def00:   00007ff5aed078d8 00007ff5af80cf10
0x00007000021def10:   00007000021defa0 000000010f15ee3a
0x00007000021def20:   0000000000000000 0000000000000000
0x00007000021def30:   0000000500010002 00007ff5aec10190
0x00007000021def40:   0000000000000000 0000000000000000
0x00007000021def50:   0000000000000001 00007ff5aed054d0
0x00007000021def60:   00007ff5aed05560 00007ff5af80cf10
0x00007000021def70:   0000000110659eb0 00007000021df000
0x00007000021def80:   0000000000000000 0000000000000000
0x00007000021def90:   0000000000000000 0000000000000000
0x00007000021defa0:   00007000021defb0 000000010f161519
0x00007000021defb0:   00007000021defd0 00007fff6f9b2109
0x00007000021defc0:   0000000000000000 0000000000000000
0x00007000021defd0:   00007000021deff0 00007fff6f9adb8b
0x00007000021defe0:   0000000000000000 0000000000000000 

Instructions: (pc=0x000000010fa035d4)
0x000000010fa034d4:   ff 0b 73 0e 48 63 c7 48 8d 0d 9a a4 b6 00 8b 04
0x000000010fa034e4:   81 c3 55 48 89 e5 48 8d 3d 35 94 ae 00 be 9c 00
0x000000010fa034f4:   00 00 e8 05 c9 34 00 e8 80 d2 88 00 31 c0 5d c3
0x000000010fa03504:   66 2e 0f 1f 84 00 00 00 00 00 66 90 55 48 89 e5
0x000000010fa03514:   48 8b 47 08 0f b7 48 32 0f b7 40 30 8d 44 01 19
0x000000010fa03524:   5d c3 66 2e 0f 1f 84 00 00 00 00 00 55 48 89 e5
0x000000010fa03534:   53 50 48 89 fb 48 8d 0d 68 36 c9 00 48 8d 05 19
0x000000010fa03544:   6a c8 00 48 8b 00 8b 40 10 ff c8 80 39 00 74 10
0x000000010fa03554:   83 f8 04 73 1f 48 98 48 8d 0d ae 7d b9 00 eb 0e
0x000000010fa03564:   83 f8 04 73 0f 48 98 48 8d 0d be 7d b9 00 48 8b
0x000000010fa03574:   04 c1 eb 21 48 8d 3d de 93 ae 00 48 8d 15 07 94
0x000000010fa03584:   ae 00 be e8 00 00 00 31 c0 e8 6e c6 34 00 e8 e9
0x000000010fa03594:   d1 88 00 31 c0 48 89 05 d0 1c c5 00 48 89 df 48
0x000000010fa035a4:   83 c4 08 5b 5d ff e0 0f 1f 44 00 00 55 48 89 e5
0x000000010fa035b4:   48 8b 07 5d c3 0f 1f 80 00 00 00 00 55 48 89 e5
0x000000010fa035c4:   48 8b 07 5d c3 0f 1f 80 00 00 00 00 55 48 89 e5
0x000000010fa035d4:   48 8b 07 5d c3 0f 1f 80 00 00 00 00 55 48 89 e5
0x000000010fa035e4:   41 57 41 56 53 50 48 8b 1f 4c 8d 3d d4 38 cc 00
0x000000010fa035f4:   49 85 1f 74 47 49 89 fe 48 89 df e8 3c 12 ab 00
0x000000010fa03604:   48 89 c1 48 85 c0 74 31 48 89 d8 f0 49 0f b1 0e
0x000000010fa03614:   48 39 d8 74 24 48 89 c2 0f 1f 40 00 49 85 17 74
0x000000010fa03624:   03 48 89 d3 74 13 48 89 d8 f0 49 0f b1 0e 48 39
0x000000010fa03634:   d8 48 89 d3 48 89 c2 75 e3 48 89 cb 48 89 d8 48
0x000000010fa03644:   83 c4 08 5b 41 5e 41 5f 5d c3 66 90 55 48 89 e5
0x000000010fa03654:   48 8b 07 5d c3 0f 1f 80 00 00 00 00 55 48 89 e5
0x000000010fa03664:   48 8b 07 5d c3 0f 1f 80 00 00 00 00 55 48 89 e5
0x000000010fa03674:   48 8b 07 5d c3 0f 1f 80 00 00 00 00 55 48 89 e5
0x000000010fa03684:   41 57 41 56 53 50 48 8b 1f 4c 8d 3d 34 38 cc 00
0x000000010fa03694:   49 85 1f 74 47 49 89 fe 48 89 df e8 9c 11 ab 00
0x000000010fa036a4:   48 89 c1 48 85 c0 74 31 48 89 d8 f0 49 0f b1 0e
0x000000010fa036b4:   48 39 d8 74 24 48 89 c2 0f 1f 40 00 49 85 17 74
0x000000010fa036c4:   03 48 89 d3 74 13 48 89 d8 f0 49 0f b1 0e 48 39 


Stack slot to memory mapping:
stack at sp + 0 slots: 0x00007000021dee80 is pointing into the stack for thread: 0x00007ff5af80cc00
stack at sp + 1 slots: 0x000000010ff76493: jni_GetStringUTFChars+0xc3 in /Library/Java/JavaVirtualMachines/jdk-16.jdk/Contents/Home/lib/server/libjvm.dylib at 0x000000010fa00000
stack at sp + 2 slots: 0x00007ff5af80cc00 is a thread
stack at sp + 3 slots: 0x0 is NULL
stack at sp + 4 slots: 0x000000010f165b76: JLI_List_split.cold.2+0x1d76 in /Library/Java/JavaVirtualMachines/jdk-16.jdk/Contents/Home/lib/libjli.dylib at 0x000000010f15a000
stack at sp + 5 slots: 0x000000010f165b65: JLI_List_split.cold.2+0x1d65 in /Library/Java/JavaVirtualMachines/jdk-16.jdk/Contents/Home/lib/libjli.dylib at 0x000000010f15a000
stack at sp + 6 slots: 0x994651020dc9006a is an unknown value
stack at sp + 7 slots: 0x00007ff5af80cf10 points into unknown readable memory: 0x0000000110659eb8 | b8 9e 65 10 01 00 00 00


---------------  P R O C E S S  ---------------

Threads class SMR info:
_java_thread_list=0x00007ff5aec35860, length=11, elements={
0x00007ff5af80cc00, 0x00007ff5af053600, 0x00007ff5af887600, 0x00007ff5b100a200,
0x00007ff5af055000, 0x00007ff5af887000, 0x00007ff5af058e00, 0x00007ff5af885400,
0x00007ff5b1009c00, 0x00007ff5af059400, 0x00007ff5af87e200
}

Java Threads: ( => current thread )
=>0x00007ff5af80cc00 JavaThread "main" [_thread_in_vm, id=5635, stack(0x00007000020df000,0x00007000021df000)]
  0x00007ff5af053600 JavaThread "Reference Handler" daemon [_thread_blocked, id=14851, stack(0x00007000027f4000,0x00007000028f4000)]
  0x00007ff5af887600 JavaThread "Finalizer" daemon [_thread_blocked, id=16899, stack(0x00007000028f7000,0x00007000029f7000)]
  0x00007ff5b100a200 JavaThread "Signal Dispatcher" daemon [_thread_blocked, id=42243, stack(0x0000700002b00000,0x0000700002c00000)]
  0x00007ff5af055000 JavaThread "Service Thread" daemon [_thread_blocked, id=41731, stack(0x0000700002c03000,0x0000700002d03000)]
  0x00007ff5af887000 JavaThread "Monitor Deflation Thread" daemon [_thread_blocked, id=41475, stack(0x0000700002d06000,0x0000700002e06000)]
  0x00007ff5af058e00 JavaThread "C2 CompilerThread0" daemon [_thread_blocked, id=22275, stack(0x0000700002e09000,0x0000700002f09000)]
  0x00007ff5af885400 JavaThread "C1 CompilerThread0" daemon [_thread_blocked, id=22787, stack(0x0000700002f0c000,0x000070000300c000)]
  0x00007ff5b1009c00 JavaThread "Sweeper thread" daemon [_thread_blocked, id=40707, stack(0x000070000300f000,0x000070000310f000)]
  0x00007ff5af059400 JavaThread "Notification Thread" daemon [_thread_blocked, id=23043, stack(0x0000700003112000,0x0000700003212000)]
  0x00007ff5af87e200 JavaThread "Common-Cleaner" daemon [_thread_blocked, id=39939, stack(0x0000700003318000,0x0000700003418000)]

Other Threads:
  0x00007ff5aec24180 VMThread "VM Thread" [stack: 0x00007000026f1000,0x00007000027f1000] [id=14595]
  0x00007ff5aef04d40 WatcherThread [stack: 0x0000700003215000,0x0000700003315000] [id=23299]
  0x00007ff5aec1e300 GCTaskThread "GC Thread#0" [stack: 0x00007000021e2000,0x00007000022e2000] [id=12547]
  0x00007ff5aef0cae0 GCTaskThread "GC Thread#1" [stack: 0x000070000341b000,0x000070000351b000] [id=39427]
  0x00007ff5aee09e10 GCTaskThread "GC Thread#2" [stack: 0x000070000351e000,0x000070000361e000] [id=39171]
  0x00007ff5aec1f230 ConcurrentGCThread "G1 Main Marker" [stack: 0x00007000022e5000,0x00007000023e5000] [id=13059]
  0x00007ff5aed10510 ConcurrentGCThread "G1 Conc#0" [stack: 0x00007000023e8000,0x00007000024e8000] [id=19459]
  0x00007ff5aed2bc60 ConcurrentGCThread "G1 Refine#0" [stack: 0x00007000024eb000,0x00007000025eb000] [id=18691]
  0x00007ff5aed2caf0 ConcurrentGCThread "G1 Service" [stack: 0x00007000025ee000,0x00007000026ee000] [id=18435]

Threads with active compile tasks:

VM state: not at safepoint (normal execution)

VM Mutex/Monitor currently owned by a thread: None

Heap address: 0x0000000780000000, size: 2048 MB, Compressed Oops mode: Zero based, Oop shift amount: 3
CDS archive(s) mapped at: [0x0000000800000000-0x0000000800bba000-0x0000000800bba000), size 12296192, SharedBaseAddress: 0x0000000800000000, ArchiveRelocationMode: 0.
Compressed class space mapped at: 0x0000000800c00000-0x0000000840c00000, reserved size: 1073741824
Narrow klass base: 0x0000000800000000, Narrow klass shift: 3, Narrow klass range: 0x100000000

GC Precious Log:
 CPUs: 4 total, 4 available
 Memory: 8192M
 Large Page Support: Disabled
 NUMA Support: Disabled
 Compressed Oops: Enabled (Zero based)
 Heap Region Size: 1M
 Heap Min Capacity: 8M
 Heap Initial Capacity: 128M
 Heap Max Capacity: 2G
 Pre-touch: Disabled
 Parallel Workers: 4
 Concurrent Workers: 1
 Concurrent Refinement Workers: 4
 Periodic GC: Disabled

Heap:
 garbage-first heap   total 133120K, used 8133K [0x0000000780000000, 0x0000000800000000)
  region size 1024K, 4 young (4096K), 2 survivors (2048K)
 Metaspace       used 729K, committed 896K, reserved 1056768K
  class space    used 32K, committed 128K, reserved 1048576K

Heap Regions: E=young(eden), S=young(survivor), O=old, HS=humongous(starts), HC=humongous(continues), CS=collection set, F=free, OA=open archive, CA=closed archive, TAMS=top-at-mark-start (previous, next)
|   0|0x0000000780000000, 0x0000000780100000, 0x0000000780100000|100%|HS|  |TAMS 0x0000000780000000, 0x0000000780000000| Complete 
|   1|0x0000000780100000, 0x0000000780200000, 0x0000000780200000|100%| O|  |TAMS 0x0000000780100000, 0x0000000780100000| Untracked 
|   2|0x0000000780200000, 0x0000000780300000, 0x0000000780300000|100%| O|  |TAMS 0x0000000780200000, 0x0000000780200000| Untracked 
|   3|0x0000000780300000, 0x00000007803ff600, 0x0000000780400000| 99%| O|  |TAMS 0x0000000780300000, 0x0000000780300000| Untracked 
|   4|0x0000000780400000, 0x0000000780400000, 0x0000000780500000|  0%| F|  |TAMS 0x0000000780400000, 0x0000000780400000| Untracked 
|   5|0x0000000780500000, 0x0000000780500000, 0x0000000780600000|  0%| F|  |TAMS 0x0000000780500000, 0x0000000780500000| Untracked 
|   6|0x0000000780600000, 0x0000000780600000, 0x0000000780700000|  0%| F|  |TAMS 0x0000000780600000, 0x0000000780600000| Untracked 
|   7|0x0000000780700000, 0x0000000780700000, 0x0000000780800000|  0%| F|  |TAMS 0x0000000780700000, 0x0000000780700000| Untracked 
|   8|0x0000000780800000, 0x0000000780800000, 0x0000000780900000|  0%| F|  |TAMS 0x0000000780800000, 0x0000000780800000| Untracked 
|   9|0x0000000780900000, 0x0000000780900000, 0x0000000780a00000|  0%| F|  |TAMS 0x0000000780900000, 0x0000000780900000| Untracked 
|  10|0x0000000780a00000, 0x0000000780a00000, 0x0000000780b00000|  0%| F|  |TAMS 0x0000000780a00000, 0x0000000780a00000| Untracked 
|  11|0x0000000780b00000, 0x0000000780b00000, 0x0000000780c00000|  0%| F|  |TAMS 0x0000000780b00000, 0x0000000780b00000| Untracked 
|  12|0x0000000780c00000, 0x0000000780c00000, 0x0000000780d00000|  0%| F|  |TAMS 0x0000000780c00000, 0x0000000780c00000| Untracked 
|  13|0x0000000780d00000, 0x0000000780d00000, 0x0000000780e00000|  0%| F|  |TAMS 0x0000000780d00000, 0x0000000780d00000| Untracked 
|  14|0x0000000780e00000, 0x0000000780e00000, 0x0000000780f00000|  0%| F|  |TAMS 0x0000000780e00000, 0x0000000780e00000| Untracked 
|  15|0x0000000780f00000, 0x0000000780f00000, 0x0000000781000000|  0%| F|  |TAMS 0x0000000780f00000, 0x0000000780f00000| Untracked 
|  16|0x0000000781000000, 0x0000000781000000, 0x0000000781100000|  0%| F|  |TAMS 0x0000000781000000, 0x0000000781000000| Untracked 
|  17|0x0000000781100000, 0x0000000781100000, 0x0000000781200000|  0%| F|  |TAMS 0x0000000781100000, 0x0000000781100000| Untracked 
|  18|0x0000000781200000, 0x0000000781200000, 0x0000000781300000|  0%| F|  |TAMS 0x0000000781200000, 0x0000000781200000| Untracked 
|  19|0x0000000781300000, 0x0000000781300000, 0x0000000781400000|  0%| F|  |TAMS 0x0000000781300000, 0x0000000781300000| Untracked 
|  20|0x0000000781400000, 0x0000000781400000, 0x0000000781500000|  0%| F|  |TAMS 0x0000000781400000, 0x0000000781400000| Untracked 
|  21|0x0000000781500000, 0x0000000781500000, 0x0000000781600000|  0%| F|  |TAMS 0x0000000781500000, 0x0000000781500000| Untracked 
|  22|0x0000000781600000, 0x0000000781600000, 0x0000000781700000|  0%| F|  |TAMS 0x0000000781600000, 0x0000000781600000| Untracked 
|  23|0x0000000781700000, 0x0000000781700000, 0x0000000781800000|  0%| F|  |TAMS 0x0000000781700000, 0x0000000781700000| Untracked 
|  24|0x0000000781800000, 0x0000000781800000, 0x0000000781900000|  0%| F|  |TAMS 0x0000000781800000, 0x0000000781800000| Untracked 
|  25|0x0000000781900000, 0x0000000781900000, 0x0000000781a00000|  0%| F|  |TAMS 0x0000000781900000, 0x0000000781900000| Untracked 
|  26|0x0000000781a00000, 0x0000000781a00000, 0x0000000781b00000|  0%| F|  |TAMS 0x0000000781a00000, 0x0000000781a00000| Untracked 
|  27|0x0000000781b00000, 0x0000000781b00000, 0x0000000781c00000|  0%| F|  |TAMS 0x0000000781b00000, 0x0000000781b00000| Untracked 
|  28|0x0000000781c00000, 0x0000000781c00000, 0x0000000781d00000|  0%| F|  |TAMS 0x0000000781c00000, 0x0000000781c00000| Untracked 
|  29|0x0000000781d00000, 0x0000000781d00000, 0x0000000781e00000|  0%| F|  |TAMS 0x0000000781d00000, 0x0000000781d00000| Untracked 
|  30|0x0000000781e00000, 0x0000000781e00000, 0x0000000781f00000|  0%| F|  |TAMS 0x0000000781e00000, 0x0000000781e00000| Untracked 
|  31|0x0000000781f00000, 0x0000000781f00000, 0x0000000782000000|  0%| F|  |TAMS 0x0000000781f00000, 0x0000000781f00000| Untracked 
|  32|0x0000000782000000, 0x0000000782000000, 0x0000000782100000|  0%| F|  |TAMS 0x0000000782000000, 0x0000000782000000| Untracked 
|  33|0x0000000782100000, 0x0000000782100000, 0x0000000782200000|  0%| F|  |TAMS 0x0000000782100000, 0x0000000782100000| Untracked 
|  34|0x0000000782200000, 0x0000000782200000, 0x0000000782300000|  0%| F|  |TAMS 0x0000000782200000, 0x0000000782200000| Untracked 
|  35|0x0000000782300000, 0x0000000782300000, 0x0000000782400000|  0%| F|  |TAMS 0x0000000782300000, 0x0000000782300000| Untracked 
|  36|0x0000000782400000, 0x0000000782400000, 0x0000000782500000|  0%| F|  |TAMS 0x0000000782400000, 0x0000000782400000| Untracked 
|  37|0x0000000782500000, 0x0000000782500000, 0x0000000782600000|  0%| F|  |TAMS 0x0000000782500000, 0x0000000782500000| Untracked 
|  38|0x0000000782600000, 0x0000000782600000, 0x0000000782700000|  0%| F|  |TAMS 0x0000000782600000, 0x0000000782600000| Untracked 
|  39|0x0000000782700000, 0x0000000782700000, 0x0000000782800000|  0%| F|  |TAMS 0x0000000782700000, 0x0000000782700000| Untracked 
|  40|0x0000000782800000, 0x0000000782800000, 0x0000000782900000|  0%| F|  |TAMS 0x0000000782800000, 0x0000000782800000| Untracked 
|  41|0x0000000782900000, 0x0000000782900000, 0x0000000782a00000|  0%| F|  |TAMS 0x0000000782900000, 0x0000000782900000| Untracked 
|  42|0x0000000782a00000, 0x0000000782a00000, 0x0000000782b00000|  0%| F|  |TAMS 0x0000000782a00000, 0x0000000782a00000| Untracked 
|  43|0x0000000782b00000, 0x0000000782b00000, 0x0000000782c00000|  0%| F|  |TAMS 0x0000000782b00000, 0x0000000782b00000| Untracked 
|  44|0x0000000782c00000, 0x0000000782c00000, 0x0000000782d00000|  0%| F|  |TAMS 0x0000000782c00000, 0x0000000782c00000| Untracked 
|  45|0x0000000782d00000, 0x0000000782d00000, 0x0000000782e00000|  0%| F|  |TAMS 0x0000000782d00000, 0x0000000782d00000| Untracked 
|  46|0x0000000782e00000, 0x0000000782e00000, 0x0000000782f00000|  0%| F|  |TAMS 0x0000000782e00000, 0x0000000782e00000| Untracked 
|  47|0x0000000782f00000, 0x0000000782f00000, 0x0000000783000000|  0%| F|  |TAMS 0x0000000782f00000, 0x0000000782f00000| Untracked 
|  48|0x0000000783000000, 0x0000000783000000, 0x0000000783100000|  0%| F|  |TAMS 0x0000000783000000, 0x0000000783000000| Untracked 
|  49|0x0000000783100000, 0x0000000783100000, 0x0000000783200000|  0%| F|  |TAMS 0x0000000783100000, 0x0000000783100000| Untracked 
|  50|0x0000000783200000, 0x0000000783200000, 0x0000000783300000|  0%| F|  |TAMS 0x0000000783200000, 0x0000000783200000| Untracked 
|  51|0x0000000783300000, 0x0000000783300000, 0x0000000783400000|  0%| F|  |TAMS 0x0000000783300000, 0x0000000783300000| Untracked 
|  52|0x0000000783400000, 0x0000000783400000, 0x0000000783500000|  0%| F|  |TAMS 0x0000000783400000, 0x0000000783400000| Untracked 
|  53|0x0000000783500000, 0x0000000783500000, 0x0000000783600000|  0%| F|  |TAMS 0x0000000783500000, 0x0000000783500000| Untracked 
|  54|0x0000000783600000, 0x0000000783600000, 0x0000000783700000|  0%| F|  |TAMS 0x0000000783600000, 0x0000000783600000| Untracked 
|  55|0x0000000783700000, 0x0000000783700000, 0x0000000783800000|  0%| F|  |TAMS 0x0000000783700000, 0x0000000783700000| Untracked 
|  56|0x0000000783800000, 0x0000000783800000, 0x0000000783900000|  0%| F|  |TAMS 0x0000000783800000, 0x0000000783800000| Untracked 
|  57|0x0000000783900000, 0x0000000783900000, 0x0000000783a00000|  0%| F|  |TAMS 0x0000000783900000, 0x0000000783900000| Untracked 
|  58|0x0000000783a00000, 0x0000000783a00000, 0x0000000783b00000|  0%| F|  |TAMS 0x0000000783a00000, 0x0000000783a00000| Untracked 
|  59|0x0000000783b00000, 0x0000000783b00000, 0x0000000783c00000|  0%| F|  |TAMS 0x0000000783b00000, 0x0000000783b00000| Untracked 
|  60|0x0000000783c00000, 0x0000000783c00000, 0x0000000783d00000|  0%| F|  |TAMS 0x0000000783c00000, 0x0000000783c00000| Untracked 
|  61|0x0000000783d00000, 0x0000000783d00000, 0x0000000783e00000|  0%| F|  |TAMS 0x0000000783d00000, 0x0000000783d00000| Untracked 
|  62|0x0000000783e00000, 0x0000000783e00000, 0x0000000783f00000|  0%| F|  |TAMS 0x0000000783e00000, 0x0000000783e00000| Untracked 
|  63|0x0000000783f00000, 0x0000000783f00000, 0x0000000784000000|  0%| F|  |TAMS 0x0000000783f00000, 0x0000000783f00000| Untracked 
|  64|0x0000000784000000, 0x0000000784000000, 0x0000000784100000|  0%| F|  |TAMS 0x0000000784000000, 0x0000000784000000| Untracked 
|  65|0x0000000784100000, 0x0000000784100000, 0x0000000784200000|  0%| F|  |TAMS 0x0000000784100000, 0x0000000784100000| Untracked 
|  66|0x0000000784200000, 0x0000000784200000, 0x0000000784300000|  0%| F|  |TAMS 0x0000000784200000, 0x0000000784200000| Untracked 
|  67|0x0000000784300000, 0x0000000784300000, 0x0000000784400000|  0%| F|  |TAMS 0x0000000784300000, 0x0000000784300000| Untracked 
|  68|0x0000000784400000, 0x0000000784400000, 0x0000000784500000|  0%| F|  |TAMS 0x0000000784400000, 0x0000000784400000| Untracked 
|  69|0x0000000784500000, 0x0000000784500000, 0x0000000784600000|  0%| F|  |TAMS 0x0000000784500000, 0x0000000784500000| Untracked 
|  70|0x0000000784600000, 0x0000000784600000, 0x0000000784700000|  0%| F|  |TAMS 0x0000000784600000, 0x0000000784600000| Untracked 
|  71|0x0000000784700000, 0x0000000784700000, 0x0000000784800000|  0%| F|  |TAMS 0x0000000784700000, 0x0000000784700000| Untracked 
|  72|0x0000000784800000, 0x0000000784800000, 0x0000000784900000|  0%| F|  |TAMS 0x0000000784800000, 0x0000000784800000| Untracked 
|  73|0x0000000784900000, 0x0000000784900000, 0x0000000784a00000|  0%| F|  |TAMS 0x0000000784900000, 0x0000000784900000| Untracked 
|  74|0x0000000784a00000, 0x0000000784a00000, 0x0000000784b00000|  0%| F|  |TAMS 0x0000000784a00000, 0x0000000784a00000| Untracked 
|  75|0x0000000784b00000, 0x0000000784b00000, 0x0000000784c00000|  0%| F|  |TAMS 0x0000000784b00000, 0x0000000784b00000| Untracked 
|  76|0x0000000784c00000, 0x0000000784c00000, 0x0000000784d00000|  0%| F|  |TAMS 0x0000000784c00000, 0x0000000784c00000| Untracked 
|  77|0x0000000784d00000, 0x0000000784d00000, 0x0000000784e00000|  0%| F|  |TAMS 0x0000000784d00000, 0x0000000784d00000| Untracked 
|  78|0x0000000784e00000, 0x0000000784e00000, 0x0000000784f00000|  0%| F|  |TAMS 0x0000000784e00000, 0x0000000784e00000| Untracked 
|  79|0x0000000784f00000, 0x0000000784f00000, 0x0000000785000000|  0%| F|  |TAMS 0x0000000784f00000, 0x0000000784f00000| Untracked 
|  80|0x0000000785000000, 0x0000000785000000, 0x0000000785100000|  0%| F|  |TAMS 0x0000000785000000, 0x0000000785000000| Untracked 
|  81|0x0000000785100000, 0x0000000785100000, 0x0000000785200000|  0%| F|  |TAMS 0x0000000785100000, 0x0000000785100000| Untracked 
|  82|0x0000000785200000, 0x0000000785200000, 0x0000000785300000|  0%| F|  |TAMS 0x0000000785200000, 0x0000000785200000| Untracked 
|  83|0x0000000785300000, 0x0000000785300000, 0x0000000785400000|  0%| F|  |TAMS 0x0000000785300000, 0x0000000785300000| Untracked 
|  84|0x0000000785400000, 0x0000000785400000, 0x0000000785500000|  0%| F|  |TAMS 0x0000000785400000, 0x0000000785400000| Untracked 
|  85|0x0000000785500000, 0x0000000785500000, 0x0000000785600000|  0%| F|  |TAMS 0x0000000785500000, 0x0000000785500000| Untracked 
|  86|0x0000000785600000, 0x0000000785600000, 0x0000000785700000|  0%| F|  |TAMS 0x0000000785600000, 0x0000000785600000| Untracked 
|  87|0x0000000785700000, 0x0000000785700000, 0x0000000785800000|  0%| F|  |TAMS 0x0000000785700000, 0x0000000785700000| Untracked 
|  88|0x0000000785800000, 0x0000000785800000, 0x0000000785900000|  0%| F|  |TAMS 0x0000000785800000, 0x0000000785800000| Untracked 
|  89|0x0000000785900000, 0x0000000785900000, 0x0000000785a00000|  0%| F|  |TAMS 0x0000000785900000, 0x0000000785900000| Untracked 
|  90|0x0000000785a00000, 0x0000000785a00000, 0x0000000785b00000|  0%| F|  |TAMS 0x0000000785a00000, 0x0000000785a00000| Untracked 
|  91|0x0000000785b00000, 0x0000000785b00000, 0x0000000785c00000|  0%| F|  |TAMS 0x0000000785b00000, 0x0000000785b00000| Untracked 
|  92|0x0000000785c00000, 0x0000000785c00000, 0x0000000785d00000|  0%| F|  |TAMS 0x0000000785c00000, 0x0000000785c00000| Untracked 
|  93|0x0000000785d00000, 0x0000000785d00000, 0x0000000785e00000|  0%| F|  |TAMS 0x0000000785d00000, 0x0000000785d00000| Untracked 
|  94|0x0000000785e00000, 0x0000000785e00000, 0x0000000785f00000|  0%| F|  |TAMS 0x0000000785e00000, 0x0000000785e00000| Untracked 
|  95|0x0000000785f00000, 0x0000000785f00000, 0x0000000786000000|  0%| F|  |TAMS 0x0000000785f00000, 0x0000000785f00000| Untracked 
|  96|0x0000000786000000, 0x0000000786000000, 0x0000000786100000|  0%| F|  |TAMS 0x0000000786000000, 0x0000000786000000| Untracked 
|  97|0x0000000786100000, 0x0000000786100000, 0x0000000786200000|  0%| F|  |TAMS 0x0000000786100000, 0x0000000786100000| Untracked 
|  98|0x0000000786200000, 0x0000000786200000, 0x0000000786300000|  0%| F|  |TAMS 0x0000000786200000, 0x0000000786200000| Untracked 
|  99|0x0000000786300000, 0x0000000786300000, 0x0000000786400000|  0%| F|  |TAMS 0x0000000786300000, 0x0000000786300000| Untracked 
| 100|0x0000000786400000, 0x0000000786400000, 0x0000000786500000|  0%| F|  |TAMS 0x0000000786400000, 0x0000000786400000| Untracked 
| 101|0x0000000786500000, 0x0000000786500000, 0x0000000786600000|  0%| F|  |TAMS 0x0000000786500000, 0x0000000786500000| Untracked 
| 102|0x0000000786600000, 0x0000000786600000, 0x0000000786700000|  0%| F|  |TAMS 0x0000000786600000, 0x0000000786600000| Untracked 
| 103|0x0000000786700000, 0x0000000786700000, 0x0000000786800000|  0%| F|  |TAMS 0x0000000786700000, 0x0000000786700000| Untracked 
| 104|0x0000000786800000, 0x0000000786800000, 0x0000000786900000|  0%| F|  |TAMS 0x0000000786800000, 0x0000000786800000| Untracked 
| 105|0x0000000786900000, 0x0000000786900000, 0x0000000786a00000|  0%| F|  |TAMS 0x0000000786900000, 0x0000000786900000| Untracked 
| 106|0x0000000786a00000, 0x0000000786a00000, 0x0000000786b00000|  0%| F|  |TAMS 0x0000000786a00000, 0x0000000786a00000| Untracked 
| 107|0x0000000786b00000, 0x0000000786b00000, 0x0000000786c00000|  0%| F|  |TAMS 0x0000000786b00000, 0x0000000786b00000| Untracked 
| 108|0x0000000786c00000, 0x0000000786c00000, 0x0000000786d00000|  0%| F|  |TAMS 0x0000000786c00000, 0x0000000786c00000| Untracked 
| 109|0x0000000786d00000, 0x0000000786d00000, 0x0000000786e00000|  0%| F|  |TAMS 0x0000000786d00000, 0x0000000786d00000| Untracked 
| 110|0x0000000786e00000, 0x0000000786e00000, 0x0000000786f00000|  0%| F|  |TAMS 0x0000000786e00000, 0x0000000786e00000| Untracked 
| 111|0x0000000786f00000, 0x0000000786f00000, 0x0000000787000000|  0%| F|  |TAMS 0x0000000786f00000, 0x0000000786f00000| Untracked 
| 112|0x0000000787000000, 0x0000000787000000, 0x0000000787100000|  0%| F|  |TAMS 0x0000000787000000, 0x0000000787000000| Untracked 
| 113|0x0000000787100000, 0x0000000787200000, 0x0000000787200000|100%| S|CS|TAMS 0x0000000787100000, 0x0000000787100000| Complete 
| 114|0x0000000787200000, 0x0000000787300000, 0x0000000787300000|100%| S|CS|TAMS 0x0000000787200000, 0x0000000787200000| Complete 
| 115|0x0000000787300000, 0x0000000787300000, 0x0000000787400000|  0%| F|  |TAMS 0x0000000787300000, 0x0000000787300000| Untracked 
| 116|0x0000000787400000, 0x0000000787400000, 0x0000000787500000|  0%| F|  |TAMS 0x0000000787400000, 0x0000000787400000| Untracked 
| 117|0x0000000787500000, 0x0000000787500000, 0x0000000787600000|  0%| F|  |TAMS 0x0000000787500000, 0x0000000787500000| Untracked 
| 118|0x0000000787600000, 0x0000000787600000, 0x0000000787700000|  0%| F|  |TAMS 0x0000000787600000, 0x0000000787600000| Untracked 
| 119|0x0000000787700000, 0x0000000787700000, 0x0000000787800000|  0%| F|  |TAMS 0x0000000787700000, 0x0000000787700000| Untracked 
| 120|0x0000000787800000, 0x0000000787800000, 0x0000000787900000|  0%| F|  |TAMS 0x0000000787800000, 0x0000000787800000| Untracked 
| 121|0x0000000787900000, 0x0000000787900000, 0x0000000787a00000|  0%| F|  |TAMS 0x0000000787900000, 0x0000000787900000| Untracked 
| 122|0x0000000787a00000, 0x0000000787a00000, 0x0000000787b00000|  0%| F|  |TAMS 0x0000000787a00000, 0x0000000787a00000| Untracked 
| 123|0x0000000787b00000, 0x0000000787b00000, 0x0000000787c00000|  0%| F|  |TAMS 0x0000000787b00000, 0x0000000787b00000| Untracked 
| 124|0x0000000787c00000, 0x0000000787c00000, 0x0000000787d00000|  0%| F|  |TAMS 0x0000000787c00000, 0x0000000787c00000| Untracked 
| 125|0x0000000787d00000, 0x0000000787d00000, 0x0000000787e00000|  0%| F|  |TAMS 0x0000000787d00000, 0x0000000787d00000| Untracked 
| 126|0x0000000787e00000, 0x0000000787ee00c0, 0x0000000787f00000| 87%| E|  |TAMS 0x0000000787e00000, 0x0000000787e00000| Complete 
| 127|0x0000000787f00000, 0x0000000788000000, 0x0000000788000000|100%| E|CS|TAMS 0x0000000787f00000, 0x0000000787f00000| Complete 
|1022|0x00000007bfe00000, 0x00000007bfe75000, 0x00000007bff00000| 45%|OA|  |TAMS 0x00000007bfe00000, 0x00000007bfe00000| Untracked 
|1023|0x00000007bff00000, 0x00000007bff7d000, 0x00000007c0000000| 48%|CA|  |TAMS 0x00000007bff00000, 0x00000007bff00000| Untracked 

Card table byte_map: [0x0000000111055000,0x0000000111455000] _byte_map_base: 0x000000010d455000

Marking Bits (Prev, Next): (CMBitMap*) 0x00007ff5af03ae10, (CMBitMap*) 0x00007ff5af03ae50
 Prev Bits: [0x0000000111855000, 0x0000000113855000)
 Next Bits: [0x0000000113855000, 0x0000000115855000)

Polling page: 0x000000010f187000

Metaspace:

Usage:
  Non-class:    697.38 KB used.
      Class:     32.20 KB used.
       Both:    729.58 KB used.

Virtual space:
  Non-class space:        8.00 MB reserved,     768.00 KB (  9%) committed,  1 nodes.
      Class space:        1.00 GB reserved,     128.00 KB ( <1%) committed,  1 nodes.
              Both:        1.01 GB reserved,     896.00 KB ( <1%) committed. 

Chunk freelists:
   Non-Class:  3.73 MB
       Class:  3.72 MB
        Both:  7.45 MB

MaxMetaspaceSize: 17179869184.00 GB
CompressedClassSpaceSize: 1.00 GB
 - commit_granule_bytes: 65536.
 - commit_granule_words: 8192.
 - virtual_space_node_default_size: 1048576.
 - enlarge_chunks_in_place: 1.
 - new_chunks_are_fully_committed: 0.
 - uncommit_free_chunks: 1.
 - use_allocation_guard: 0.
 - handle_deallocations: 1.


Internal statistics:

num_allocs_failed_limit: 0.
num_arena_births: 4.
num_arena_deaths: 0.
num_vsnodes_births: 2.
num_vsnodes_deaths: 0.
num_space_committed: 14.
num_space_uncommitted: 0.
num_chunks_returned_to_freelist: 0.
num_chunks_taken_from_freelist: 19.
num_chunk_merges: 0.
num_chunk_splits: 12.
num_chunks_enlarged: 12.
num_purges: 0.

CodeHeap 'non-profiled nmethods': size=120032Kb used=71Kb max_used=71Kb free=119960Kb
 bounds [0x0000000124dd3000, 0x0000000125043000, 0x000000012c30b000]
CodeHeap 'profiled nmethods': size=120028Kb used=461Kb max_used=461Kb free=119566Kb
 bounds [0x000000011d89c000, 0x000000011db0c000, 0x0000000124dd3000]
CodeHeap 'non-nmethods': size=5700Kb used=1072Kb max_used=1088Kb free=4627Kb
 bounds [0x000000011d30b000, 0x000000011d57b000, 0x000000011d89c000]
 total_blobs=623 nmethods=286 adapters=251
 compilation: enabled
              stopped_count=0, restarted_count=0
 full_count=0

Compilation events (20 events):
Event: 0.371 Thread 0x00007ff5af885400  277       3       java.lang.StringCoding::newStringUTF8NoRepl (56 bytes)
Event: 0.371 Thread 0x00007ff5af885400 nmethod 277 0x000000011d90b490 code [0x000000011d90b680, 0x000000011d90bbe0]
Event: 0.373 Thread 0x00007ff5af885400  278       3       java.util.concurrent.ConcurrentHashMap::spread (10 bytes)
Event: 0.373 Thread 0x00007ff5af885400 nmethod 278 0x000000011d90be10 code [0x000000011d90bfa0, 0x000000011d90c090]
Event: 0.373 Thread 0x00007ff5af885400  279       3       java.lang.String::indexOf (18 bytes)
Event: 0.374 Thread 0x00007ff5af885400 nmethod 279 0x000000011d90c110 code [0x000000011d90c2e0, 0x000000011d90c5a0]
Event: 0.374 Thread 0x00007ff5af885400  281       3       java.lang.StringLatin1::regionMatchesCI (98 bytes)
Event: 0.375 Thread 0x00007ff5af058e00  282       4       java.lang.String::hashCode (60 bytes)
Event: 0.375 Thread 0x00007ff5af885400 nmethod 281 0x000000011d90c710 code [0x000000011d90c960, 0x000000011d90d0d0]
Event: 0.375 Thread 0x00007ff5af885400  280       3       java.lang.String::indexOf (113 bytes)
Event: 0.375 Thread 0x00007ff5af885400 nmethod 280 0x000000011d90d410 code [0x000000011d90d640, 0x000000011d90dc60]
Event: 0.376 Thread 0x00007ff5af885400  283       3       java.lang.String::regionMatches (150 bytes)
Event: 0.377 Thread 0x00007ff5af885400 nmethod 283 0x000000011d90de10 code [0x000000011d90e060, 0x000000011d90e880]
Event: 0.377 Thread 0x00007ff5af885400  284       3       sun.net.www.ParseUtil::encodePath (41 bytes)
Event: 0.377 Thread 0x00007ff5af885400 nmethod 284 0x000000011d90eb90 code [0x000000011d90ed60, 0x000000011d90ef70]
Event: 0.379 Thread 0x00007ff5af058e00 nmethod 282 0x0000000124de4510 code [0x0000000124de46a0, 0x0000000124de4918]
Event: 0.382 Thread 0x00007ff5af058e00  285       4       java.util.zip.ZipFile::ensureOpen (40 bytes)
Event: 0.383 Thread 0x00007ff5af058e00 nmethod 285 0x0000000124de4a90 code [0x0000000124de4c20, 0x0000000124de4cd8]
Event: 0.385 Thread 0x00007ff5af885400  286       3       java.io.FilterInputStream::<init> (10 bytes)
Event: 0.385 Thread 0x00007ff5af885400 nmethod 286 0x000000011d90f010 code [0x000000011d90f1c0, 0x000000011d90f3f0]

GC Heap History (2 events):
Event: 0.322 GC heap before
{Heap before GC invocations=0 (full 0):
 garbage-first heap   total 133120K, used 14280K [0x0000000780000000, 0x0000000800000000)
  region size 1024K, 13 young (13312K), 0 survivors (0K)
 Metaspace       used 350K, committed 448K, reserved 1056768K
  class space    used 10K, committed 64K, reserved 1048576K
}
Event: 0.329 GC heap after
{Heap after GC invocations=1 (full 0):
 garbage-first heap   total 133120K, used 6085K [0x0000000780000000, 0x0000000800000000)
  region size 1024K, 2 young (2048K), 2 survivors (2048K)
 Metaspace       used 350K, committed 448K, reserved 1056768K
  class space    used 10K, committed 64K, reserved 1048576K
}

Deoptimization events (20 events):
Event: 0.178 Thread 0x00007ff5af80cc00 DEOPT PACKING pc=0x000000011d8a6e36 sp=0x00007000021dd450
Event: 0.178 Thread 0x00007ff5af80cc00 DEOPT UNPACKING pc=0x000000011d358bba sp=0x00007000021dc990 mode 0
Event: 0.179 Thread 0x00007ff5af80cc00 DEOPT PACKING pc=0x000000011d8a6e36 sp=0x00007000021dd450
Event: 0.179 Thread 0x00007ff5af80cc00 DEOPT UNPACKING pc=0x000000011d358bba sp=0x00007000021dc990 mode 0
Event: 0.179 Thread 0x00007ff5af80cc00 DEOPT PACKING pc=0x000000011d8a6e36 sp=0x00007000021dd450
Event: 0.179 Thread 0x00007ff5af80cc00 DEOPT UNPACKING pc=0x000000011d358bba sp=0x00007000021dc990 mode 0
Event: 0.179 Thread 0x00007ff5af80cc00 DEOPT PACKING pc=0x000000011d8a6e36 sp=0x00007000021dd450
Event: 0.179 Thread 0x00007ff5af80cc00 DEOPT UNPACKING pc=0x000000011d358bba sp=0x00007000021dc990 mode 0
Event: 0.179 Thread 0x00007ff5af80cc00 DEOPT PACKING pc=0x000000011d8a6e36 sp=0x00007000021dd450
Event: 0.179 Thread 0x00007ff5af80cc00 DEOPT UNPACKING pc=0x000000011d358bba sp=0x00007000021dc990 mode 0
Event: 0.262 Thread 0x00007ff5af80cc00 DEOPT PACKING pc=0x000000011d8a1b5a sp=0x00007000021ddab0
Event: 0.262 Thread 0x00007ff5af80cc00 DEOPT UNPACKING pc=0x000000011d358bba sp=0x00007000021dcef0 mode 0
Event: 0.264 Thread 0x00007ff5af80cc00 DEOPT PACKING pc=0x000000011d8bbfb4 sp=0x00007000021dd6e0
Event: 0.264 Thread 0x00007ff5af80cc00 DEOPT UNPACKING pc=0x000000011d358bba sp=0x00007000021dcb70 mode 0
Event: 0.269 Thread 0x00007ff5af80cc00 Uncommon trap: trap_request=0xffffff45 fr.pc=0x0000000124dd9a90 relative=0x0000000000000170
Event: 0.269 Thread 0x00007ff5af80cc00 Uncommon trap: reason=unstable_if action=reinterpret pc=0x0000000124dd9a90 method=java.util.zip.ZipFile$Source.isMetaName([BII)Z @ 57 c2
Event: 0.269 Thread 0x00007ff5af80cc00 DEOPT PACKING pc=0x0000000124dd9a90 sp=0x00007000021dd4d0
Event: 0.269 Thread 0x00007ff5af80cc00 DEOPT UNPACKING pc=0x000000011d358424 sp=0x00007000021dd498 mode 2
Event: 0.350 Thread 0x00007ff5af80cc00 DEOPT PACKING pc=0x000000011d8ad855 sp=0x00007000021dd9c0
Event: 0.350 Thread 0x00007ff5af80cc00 DEOPT UNPACKING pc=0x000000011d358bba sp=0x00007000021dce80 mode 0

Classes unloaded (0 events):
No events

Classes redefined (0 events):
No events

Internal exceptions (0 events):
No events

Events (20 events):
Event: 0.198 loading class sun/nio/cs/UTF_8$Decoder
Event: 0.199 loading class java/nio/charset/CharsetDecoder
Event: 0.199 loading class java/nio/charset/CharsetDecoder done
Event: 0.199 loading class sun/nio/cs/UTF_8$Decoder done
Event: 0.199 loading class java/util/Vector
Event: 0.200 loading class java/util/Vector done
Event: 0.322 Executing  VM operation: G1CollectForAllocation
Event: 0.329 Executing  VM operation: G1CollectForAllocation done
Event: 0.357 loading class java/lang/UnsupportedOperationException
Event: 0.357 loading class java/lang/UnsupportedOperationException done
Event: 0.358 loading class java/lang/IllegalStateException
Event: 0.358 loading class java/lang/IllegalStateException done
Event: 0.378 loading class java/lang/AssertionError
Event: 0.378 loading class java/lang/AssertionError done
Event: 0.382 loading class java/io/IOException
Event: 0.382 loading class java/io/IOException done
Event: 0.384 loading class java/io/PrintWriter
Event: 0.384 loading class java/io/PrintWriter done
Event: 0.386 loading class java/lang/Class$EnclosingMethodInfo
Event: 0.386 loading class java/lang/Class$EnclosingMethodInfo done


Dynamic libraries:
0x00007fff6ecce000 	/usr/lib/libz.1.dylib
0x000000010f15a000 	/Library/Java/JavaVirtualMachines/jdk-16.jdk/Contents/Home/lib/libjli.dylib
0x00007fff347a1000 	/System/Library/Frameworks/Cocoa.framework/Versions/A/Cocoa
0x00007fff41faa000 	/System/Library/Frameworks/Security.framework/Versions/A/Security
0x00007fff33706000 	/System/Library/Frameworks/ApplicationServices.framework/Versions/A/ApplicationServices
0x00007fff6c792000 	/usr/lib/libSystem.B.dylib
0x00007fff6f58f000 	/usr/lib/system/libcache.dylib
0x00007fff6f595000 	/usr/lib/system/libcommonCrypto.dylib
0x00007fff6f5a1000 	/usr/lib/system/libcompiler_rt.dylib
0x00007fff6f5a9000 	/usr/lib/system/libcopyfile.dylib
0x00007fff6f5b3000 	/usr/lib/system/libcorecrypto.dylib
0x00007fff6f752000 	/usr/lib/system/libdispatch.dylib
0x00007fff6f793000 	/usr/lib/system/libdyld.dylib
0x00007fff6f7ca000 	/usr/lib/system/libkeymgr.dylib
0x00007fff6f7d8000 	/usr/lib/system/liblaunch.dylib
0x00007fff6f7d9000 	/usr/lib/system/libmacho.dylib
0x00007fff6f7df000 	/usr/lib/system/libquarantine.dylib
0x00007fff6f7e2000 	/usr/lib/system/libremovefile.dylib
0x00007fff6f7e4000 	/usr/lib/system/libsystem_asl.dylib
0x00007fff6f7fc000 	/usr/lib/system/libsystem_blocks.dylib
0x00007fff6f7fd000 	/usr/lib/system/libsystem_c.dylib
0x00007fff6f885000 	/usr/lib/system/libsystem_configuration.dylib
0x00007fff6f889000 	/usr/lib/system/libsystem_coreservices.dylib
0x00007fff6f88d000 	/usr/lib/system/libsystem_darwin.dylib
0x00007fff6f896000 	/usr/lib/system/libsystem_dnssd.dylib
0x00007fff6f89e000 	/usr/lib/system/libsystem_featureflags.dylib
0x00007fff6f8a0000 	/usr/lib/system/libsystem_info.dylib
0x00007fff6f91b000 	/usr/lib/system/libsystem_m.dylib
0x00007fff6f963000 	/usr/lib/system/libsystem_malloc.dylib
0x00007fff6f98b000 	/usr/lib/system/libsystem_networkextension.dylib
0x00007fff6f999000 	/usr/lib/system/libsystem_notify.dylib
0x00007fff6f9b7000 	/usr/lib/system/libsystem_sandbox.dylib
0x00007fff6f9bc000 	/usr/lib/system/libsystem_secinit.dylib
0x00007fff6f8ee000 	/usr/lib/system/libsystem_kernel.dylib
0x00007fff6f9a3000 	/usr/lib/system/libsystem_platform.dylib
0x00007fff6f9ac000 	/usr/lib/system/libsystem_pthread.dylib
0x00007fff6f9bf000 	/usr/lib/system/libsystem_symptoms.dylib
0x00007fff6f9c7000 	/usr/lib/system/libsystem_trace.dylib
0x00007fff6f9df000 	/usr/lib/system/libunwind.dylib
0x00007fff6f9e5000 	/usr/lib/system/libxpc.dylib
0x00007fff6e5f2000 	/usr/lib/libobjc.A.dylib
0x00007fff6cacb000 	/usr/lib/libc++abi.dylib
0x00007fff6ca78000 	/usr/lib/libc++.1.dylib
0x00007fff35643000 	/System/Library/Frameworks/CoreFoundation.framework/Versions/A/CoreFoundation
0x00007fff37d00000 	/System/Library/Frameworks/Foundation.framework/Versions/C/Foundation
0x00007fff328f6000 	/System/Library/Frameworks/AppKit.framework/Versions/C/AppKit
0x00007fff35125000 	/System/Library/Frameworks/CoreData.framework/Versions/A/CoreData
0x00007fff6678d000 	/System/Library/PrivateFrameworks/UIFoundation.framework/Versions/A/UIFoundation
0x00007fff61821000 	/System/Library/PrivateFrameworks/RemoteViewServices.framework/Versions/A/RemoteViewServices
0x00007fff69302000 	/System/Library/PrivateFrameworks/XCTTargetBootstrap.framework/Versions/A/XCTTargetBootstrap
0x00007fff35510000 	/System/Library/Frameworks/CoreDisplay.framework/Versions/A/CoreDisplay
0x00007fff3abba000 	/System/Library/Frameworks/Metal.framework/Versions/A/Metal
0x00007fff4f7c7000 	/System/Library/PrivateFrameworks/DesktopServicesPriv.framework/Versions/A/DesktopServicesPriv
0x00007fff6d8cd000 	/usr/lib/liblangid.dylib
0x00007fff4ea5c000 	/System/Library/PrivateFrameworks/CoreSVG.framework/Versions/A/CoreSVG
0x00007fff6497d000 	/System/Library/PrivateFrameworks/SkyLight.framework/Versions/A/SkyLight
0x00007fff35ac4000 	/System/Library/Frameworks/CoreGraphics.framework/Versions/A/CoreGraphics
0x00007fff312ca000 	/System/Library/Frameworks/Accelerate.framework/Versions/A/Accelerate
0x00007fff6ebbf000 	/usr/lib/libxml2.2.dylib
0x00007fff5a769000 	/System/Library/PrivateFrameworks/IconServices.framework/Versions/A/IconServices
0x00007fff384df000 	/System/Library/Frameworks/IOSurface.framework/Versions/A/IOSurface
0x00007fff6c2bc000 	/usr/lib/libDiagnosticMessagesClient.dylib
0x00007fff4f621000 	/System/Library/PrivateFrameworks/DFRFoundation.framework/Versions/A/DFRFoundation
0x00007fff6d65c000 	/usr/lib/libicucore.A.dylib
0x00007fff33a38000 	/System/Library/Frameworks/AudioToolbox.framework/Versions/A/AudioToolbox
0x00007fff33b1b000 	/System/Library/Frameworks/AudioUnit.framework/Versions/A/AudioUnit
0x00007fff6c994000 	/usr/lib/libauto.dylib
0x00007fff4f6c3000 	/System/Library/PrivateFrameworks/DataDetectorsCore.framework/Versions/A/DataDetectorsCore
0x00007fff342c2000 	/System/Library/Frameworks/Carbon.framework/Versions/A/Frameworks/HIToolbox.framework/Versions/A/HIToolbox
0x00007fff411a4000 	/System/Library/Frameworks/QuartzCore.framework/Versions/A/QuartzCore
0x00007fff34601000 	/System/Library/Frameworks/Carbon.framework/Versions/A/Frameworks/SpeechRecognition.framework/Versions/A/SpeechRecognition
0x00007fff4f135000 	/System/Library/PrivateFrameworks/CoreUI.framework/Versions/A/CoreUI
0x00007fff34b90000 	/System/Library/Frameworks/CoreAudio.framework/Versions/A/CoreAudio
0x00007fff379bf000 	/System/Library/Frameworks/DiskArbitration.framework/Versions/A/DiskArbitration
0x00007fff5c7fb000 	/System/Library/PrivateFrameworks/MultitouchSupport.framework/Versions/A/MultitouchSupport
0x00007fff6d523000 	/usr/lib/libenergytrace.dylib
0x00007fff38439000 	/System/Library/Frameworks/IOKit.framework/Versions/A/IOKit
0x00007fff36a2b000 	/System/Library/Frameworks/CoreServices.framework/Versions/A/CoreServices
0x00007fff5e9b4000 	/System/Library/PrivateFrameworks/PerformanceAnalysis.framework/Versions/A/PerformanceAnalysis
0x00007fff401d7000 	/System/Library/Frameworks/OpenGL.framework/Versions/A/OpenGL
0x00007fff347af000 	/System/Library/Frameworks/ColorSync.framework/Versions/A/ColorSync
0x00007fff36147000 	/System/Library/Frameworks/CoreImage.framework/Versions/A/CoreImage
0x00007fff3749e000 	/System/Library/Frameworks/CoreText.framework/Versions/A/CoreText
0x00007fff3856f000 	/System/Library/Frameworks/ImageIO.framework/Versions/A/ImageIO
0x00007fff6caf4000 	/usr/lib/libcompression.dylib
0x00007fff6c600000 	/usr/lib/libMobileGestalt.dylib
0x00007fff664f7000 	/System/Library/PrivateFrameworks/TextureIO.framework/Versions/A/TextureIO
0x00007fff6c8f7000 	/usr/lib/libate.dylib
0x00007fff5a972000 	/System/Library/PrivateFrameworks/InternationalSupport.framework/Versions/A/InternationalSupport
0x00007fff6d8cf000 	/usr/lib/liblzma.5.dylib
0x00007fff6d54a000 	/usr/lib/libfakelink.dylib
0x00007fff6c884000 	/usr/lib/libarchive.2.dylib
0x00007fff4305b000 	/System/Library/Frameworks/SystemConfiguration.framework/Versions/A/SystemConfiguration
0x00007fff6c1ef000 	/usr/lib/libCRFSuite.dylib
0x00007fff33eb2000 	/System/Library/Frameworks/CFNetwork.framework/Versions/A/CFNetwork
0x00007fff6ca5a000 	/usr/lib/libbsm.0.dylib
0x00007fff6f7cb000 	/usr/lib/system/libkxld.dylib
0x00007fff48f9d000 	/System/Library/PrivateFrameworks/AppleFSCompression.framework/Versions/A/AppleFSCompression
0x00007fff6cde5000 	/usr/lib/libcoretls.dylib
0x00007fff6cdfc000 	/usr/lib/libcoretls_cfhelpers.dylib
0x00007fff6e638000 	/usr/lib/libpam.2.dylib
0x00007fff6e76d000 	/usr/lib/libsqlite3.dylib
0x00007fff6ebac000 	/usr/lib/libxar.1.dylib
0x00007fff6ca6b000 	/usr/lib/libbz2.1.0.dylib
0x00007fff6d56b000 	/usr/lib/libiconv.2.dylib
0x00007fff6cae1000 	/usr/lib/libcharset.1.dylib
0x00007fff6e0d5000 	/usr/lib/libnetwork.dylib
0x00007fff6e63f000 	/usr/lib/libpcap.A.dylib
0x00007fff6c839000 	/usr/lib/libapple_nghttp2.dylib
0x00007fff36de2000 	/System/Library/Frameworks/CoreServices.framework/Versions/A/Frameworks/FSEvents.framework/Versions/A/FSEvents
0x00007fff36ab2000 	/System/Library/Frameworks/CoreServices.framework/Versions/A/Frameworks/CarbonCore.framework/Versions/A/CarbonCore
0x00007fff37026000 	/System/Library/Frameworks/CoreServices.framework/Versions/A/Frameworks/Metadata.framework/Versions/A/Metadata
0x00007fff370bf000 	/System/Library/Frameworks/CoreServices.framework/Versions/A/Frameworks/OSServices.framework/Versions/A/OSServices
0x00007fff370ed000 	/System/Library/Frameworks/CoreServices.framework/Versions/A/Frameworks/SearchKit.framework/Versions/A/SearchKit
0x00007fff36a2c000 	/System/Library/Frameworks/CoreServices.framework/Versions/A/Frameworks/AE.framework/Versions/A/AE
0x00007fff36deb000 	/System/Library/Frameworks/CoreServices.framework/Versions/A/Frameworks/LaunchServices.framework/Versions/A/LaunchServices
0x00007fff36d94000 	/System/Library/Frameworks/CoreServices.framework/Versions/A/Frameworks/DictionaryServices.framework/Versions/A/DictionaryServices
0x00007fff37155000 	/System/Library/Frameworks/CoreServices.framework/Versions/A/Frameworks/SharedFileList.framework/Versions/A/SharedFileList
0x00007fff3bff6000 	/System/Library/Frameworks/NetFS.framework/Versions/A/NetFS
0x00007fff5cd2b000 	/System/Library/PrivateFrameworks/NetAuth.framework/Versions/A/NetAuth
0x00007fff696cf000 	/System/Library/PrivateFrameworks/login.framework/Versions/A/Frameworks/loginsupport.framework/Versions/A/loginsupport
0x00007fff65fc2000 	/System/Library/PrivateFrameworks/TCC.framework/Versions/A/TCC
0x00007fff4dbcf000 	/System/Library/PrivateFrameworks/CoreNLP.framework/Versions/A/CoreNLP
0x00007fff5c1e6000 	/System/Library/PrivateFrameworks/MetadataUtilities.framework/Versions/A/MetadataUtilities
0x00007fff6d9a7000 	/usr/lib/libmecabra.dylib
0x00007fff6d8ff000 	/usr/lib/libmecab.dylib
0x00007fff6d55b000 	/usr/lib/libgermantok.dylib
0x00007fff6c820000 	/usr/lib/libThaiTokenizer.dylib
0x00007fff6c226000 	/usr/lib/libChineseTokenizer.dylib
0x00007fff312e2000 	/System/Library/Frameworks/Accelerate.framework/Versions/A/Frameworks/vImage.framework/Versions/A/vImage
0x00007fff3274c000 	/System/Library/Frameworks/Accelerate.framework/Versions/A/Frameworks/vecLib.framework/Versions/A/vecLib
0x00007fff32689000 	/System/Library/Frameworks/Accelerate.framework/Versions/A/Frameworks/vecLib.framework/Versions/A/libvMisc.dylib
0x00007fff324b1000 	/System/Library/Frameworks/Accelerate.framework/Versions/A/Frameworks/vecLib.framework/Versions/A/libvDSP.dylib
0x00007fff31939000 	/System/Library/Frameworks/Accelerate.framework/Versions/A/Frameworks/vecLib.framework/Versions/A/libBLAS.dylib
0x00007fff32075000 	/System/Library/Frameworks/Accelerate.framework/Versions/A/Frameworks/vecLib.framework/Versions/A/libLAPACK.dylib
0x00007fff32411000 	/System/Library/Frameworks/Accelerate.framework/Versions/A/Frameworks/vecLib.framework/Versions/A/libLinearAlgebra.dylib
0x00007fff3249e000 	/System/Library/Frameworks/Accelerate.framework/Versions/A/Frameworks/vecLib.framework/Versions/A/libSparseBLAS.dylib
0x00007fff32427000 	/System/Library/Frameworks/Accelerate.framework/Versions/A/Frameworks/vecLib.framework/Versions/A/libQuadrature.dylib
0x00007fff31ba1000 	/System/Library/Frameworks/Accelerate.framework/Versions/A/Frameworks/vecLib.framework/Versions/A/libBNNS.dylib
0x00007fff3242d000 	/System/Library/Frameworks/Accelerate.framework/Versions/A/Frameworks/vecLib.framework/Versions/A/libSparse.dylib
0x00007fff5ad5a000 	/System/Library/PrivateFrameworks/LanguageModeling.framework/Versions/A/LanguageModeling
0x00007fff4d57f000 	/System/Library/PrivateFrameworks/CoreEmoji.framework/Versions/A/CoreEmoji
0x00007fff5ae78000 	/System/Library/PrivateFrameworks/LinguisticData.framework/Versions/A/LinguisticData
0x00007fff5ae29000 	/System/Library/PrivateFrameworks/Lexicon.framework/Versions/A/Lexicon
0x00007fff6cae2000 	/usr/lib/libcmph.dylib
0x00007fff3ebe5000 	/System/Library/Frameworks/OpenDirectory.framework/Versions/A/Frameworks/CFOpenDirectory.framework/Versions/A/CFOpenDirectory
0x00007fff3ec02000 	/System/Library/Frameworks/OpenDirectory.framework/Versions/A/OpenDirectory
0x00007fff47045000 	/System/Library/PrivateFrameworks/APFS.framework/Versions/A/APFS
0x00007fff422f4000 	/System/Library/Frameworks/SecurityFoundation.framework/Versions/A/SecurityFoundation
0x00007fff6eba8000 	/usr/lib/libutil.dylib
0x00007fff4eab4000 	/System/Library/PrivateFrameworks/CoreServicesStore.framework/Versions/A/CoreServicesStore
0x00007fff423ab000 	/System/Library/Frameworks/ServiceManagement.framework/Versions/A/ServiceManagement
0x00007fff4a76d000 	/System/Library/PrivateFrameworks/BackgroundTaskManagement.framework/Versions/A/BackgroundTaskManagement
0x00007fff6eca5000 	/usr/lib/libxslt.1.dylib
0x00007fff49610000 	/System/Library/PrivateFrameworks/AppleSystemInfo.framework/Versions/A/AppleSystemInfo
0x00007fff3878b000 	/System/Library/Frameworks/ImageIO.framework/Versions/A/Resources/libJPEG.dylib
0x00007fff38a48000 	/System/Library/Frameworks/ImageIO.framework/Versions/A/Resources/libTIFF.dylib
0x00007fff38a2b000 	/System/Library/Frameworks/ImageIO.framework/Versions/A/Resources/libPng.dylib
0x00007fff386cd000 	/System/Library/Frameworks/ImageIO.framework/Versions/A/Resources/libGIF.dylib
0x00007fff386d1000 	/System/Library/Frameworks/ImageIO.framework/Versions/A/Resources/libJP2.dylib
0x00007fff38a46000 	/System/Library/Frameworks/ImageIO.framework/Versions/A/Resources/libRadiance.dylib
0x00007fff6d524000 	/usr/lib/libexpat.1.dylib
0x00007fff490f8000 	/System/Library/PrivateFrameworks/AppleJPEG.framework/Versions/A/AppleJPEG
0x00007fff51dca000 	/System/Library/PrivateFrameworks/FontServices.framework/libFontParser.dylib
0x00007fff686d1000 	/System/Library/PrivateFrameworks/WatchdogClient.framework/Versions/A/WatchdogClient
0x00007fff5a3b5000 	/System/Library/PrivateFrameworks/IOAccelerator.framework/Versions/A/IOAccelerator
0x00007fff3af55000 	/System/Library/Frameworks/MetalPerformanceShaders.framework/Versions/A/MetalPerformanceShaders
0x00007fff56b45000 	/System/Library/PrivateFrameworks/GPUWrangler.framework/Versions/A/GPUWrangler
0x00007fff5a3ca000 	/System/Library/PrivateFrameworks/IOPresentment.framework/Versions/A/IOPresentment
0x00007fff4f634000 	/System/Library/PrivateFrameworks/DSExternalDisplay.framework/Versions/A/DSExternalDisplay
0x00007fff3f576000 	/System/Library/Frameworks/OpenGL.framework/Versions/A/Libraries/libCoreFSCache.dylib
0x00007fff3aca1000 	/System/Library/Frameworks/MetalPerformanceShaders.framework/Frameworks/MPSCore.framework/Versions/A/MPSCore
0x00007fff3acdf000 	/System/Library/Frameworks/MetalPerformanceShaders.framework/Frameworks/MPSImage.framework/Versions/A/MPSImage
0x00007fff3ada6000 	/System/Library/Frameworks/MetalPerformanceShaders.framework/Frameworks/MPSNeuralNetwork.framework/Versions/A/MPSNeuralNetwork
0x00007fff3ad6a000 	/System/Library/Frameworks/MetalPerformanceShaders.framework/Frameworks/MPSMatrix.framework/Versions/A/MPSMatrix
0x00007fff3af05000 	/System/Library/Frameworks/MetalPerformanceShaders.framework/Frameworks/MPSRayIntersector.framework/Versions/A/MPSRayIntersector
0x00007fff3ad90000 	/System/Library/Frameworks/MetalPerformanceShaders.framework/Frameworks/MPSNDArray.framework/Versions/A/MPSNDArray
0x00007fff5c233000 	/System/Library/PrivateFrameworks/MetalTools.framework/Versions/A/MetalTools
0x00007fff4821f000 	/System/Library/PrivateFrameworks/AggregateDictionary.framework/Versions/A/AggregateDictionary
0x00007fff4cfc7000 	/System/Library/PrivateFrameworks/CoreAnalytics.framework/Versions/A/CoreAnalytics
0x00007fff4952f000 	/System/Library/PrivateFrameworks/AppleSauce.framework/Versions/A/AppleSauce
0x00007fff6c4e2000 	/usr/lib/libIOReport.dylib
0x00007fff37656000 	/System/Library/Frameworks/CoreVideo.framework/Versions/A/CoreVideo
0x00007fff57fbe000 	/System/Library/PrivateFrameworks/GraphVisualizer.framework/Versions/A/GraphVisualizer
0x00007fff51310000 	/System/Library/PrivateFrameworks/FaceCore.framework/Versions/A/FaceCore
0x00007fff3eb8c000 	/System/Library/Frameworks/OpenCL.framework/Versions/A/OpenCL
0x00007fff6c304000 	/usr/lib/libFosl_dynamic.dylib
0x00007fff5d74c000 	/System/Library/PrivateFrameworks/OTSVG.framework/Versions/A/OTSVG
0x00007fff3380b000 	/System/Library/Frameworks/ApplicationServices.framework/Versions/A/Frameworks/ATS.framework/Versions/A/Resources/libFontRegistry.dylib
0x00007fff51f99000 	/System/Library/PrivateFrameworks/FontServices.framework/libhvf.dylib
0x00007fff3f581000 	/System/Library/Frameworks/OpenGL.framework/Versions/A/Libraries/libGFXShared.dylib
0x00007fff3f75f000 	/System/Library/Frameworks/OpenGL.framework/Versions/A/Libraries/libGLU.dylib
0x00007fff3f58a000 	/System/Library/Frameworks/OpenGL.framework/Versions/A/Libraries/libGL.dylib
0x00007fff3f595000 	/System/Library/Frameworks/OpenGL.framework/Versions/A/Libraries/libGLImage.dylib
0x00007fff3f573000 	/System/Library/Frameworks/OpenGL.framework/Versions/A/Libraries/libCVMSPluginSupport.dylib
0x00007fff3f57c000 	/System/Library/Frameworks/OpenGL.framework/Versions/A/Libraries/libCoreVMClient.dylib
0x00007fff6df76000 	/usr/lib/libncurses.5.4.dylib
0x00007fff33707000 	/System/Library/Frameworks/ApplicationServices.framework/Versions/A/Frameworks/ATS.framework/Versions/A/ATS
0x00007fff338d4000 	/System/Library/Frameworks/ApplicationServices.framework/Versions/A/Frameworks/ColorSyncLegacy.framework/Versions/A/ColorSyncLegacy
0x00007fff33972000 	/System/Library/Frameworks/ApplicationServices.framework/Versions/A/Frameworks/HIServices.framework/Versions/A/HIServices
0x00007fff339ca000 	/System/Library/Frameworks/ApplicationServices.framework/Versions/A/Frameworks/LangAnalysis.framework/Versions/A/LangAnalysis
0x00007fff339d9000 	/System/Library/Frameworks/ApplicationServices.framework/Versions/A/Frameworks/PrintCore.framework/Versions/A/PrintCore
0x00007fff33a1f000 	/System/Library/Frameworks/ApplicationServices.framework/Versions/A/Frameworks/QD.framework/Versions/A/QD
0x00007fff33a2a000 	/System/Library/Frameworks/ApplicationServices.framework/Versions/A/Frameworks/SpeechSynthesis.framework/Versions/A/SpeechSynthesis
0x00007fff338a4000 	/System/Library/Frameworks/ApplicationServices.framework/Versions/A/Frameworks/ATSUI.framework/Versions/A/ATSUI
0x00007fff6d3ba000 	/usr/lib/libcups.2.dylib
0x00007fff39ff0000 	/System/Library/Frameworks/Kerberos.framework/Versions/A/Kerberos
0x00007fff38132000 	/System/Library/Frameworks/GSS.framework/Versions/A/GSS
0x00007fff6e6f9000 	/usr/lib/libresolv.9.dylib
0x00007fff5816b000 	/System/Library/PrivateFrameworks/Heimdal.framework/Versions/A/Heimdal
0x00007fff3a003000 	/System/Library/Frameworks/Kerberos.framework/Versions/A/Libraries/libHeimdalProxy.dylib
0x00007fff6d561000 	/usr/lib/libheimdal-asn1.dylib
0x00007fff4c45f000 	/System/Library/PrivateFrameworks/CommonAuth.framework/Versions/A/CommonAuth
0x00007fff496ad000 	/System/Library/PrivateFrameworks/AssertionServices.framework/Versions/A/AssertionServices
0x00007fff4a250000 	/System/Library/PrivateFrameworks/AudioToolboxCore.framework/Versions/A/AudioToolboxCore
0x00007fff6937f000 	/System/Library/PrivateFrameworks/caulk.framework/Versions/A/caulk
0x00007fff4a819000 	/System/Library/PrivateFrameworks/BaseBoard.framework/Versions/A/BaseBoard
0x00007fff619af000 	/System/Library/PrivateFrameworks/RunningBoardServices.framework/Versions/A/RunningBoardServices
0x00007fff5e9c0000 	/System/Library/PrivateFrameworks/PersistentConnection.framework/Versions/A/PersistentConnection
0x00007fff613a8000 	/System/Library/PrivateFrameworks/ProtocolBuffer.framework/Versions/A/ProtocolBuffer
0x00007fff4c483000 	/System/Library/PrivateFrameworks/CommonUtilities.framework/Versions/A/CommonUtilities
0x00007fff4a9a7000 	/System/Library/PrivateFrameworks/Bom.framework/Versions/A/Bom
0x00007fff6c1b5000 	/usr/lib/libAudioToolboxUtility.dylib
0x00007fff4a777000 	/System/Library/PrivateFrameworks/Backup.framework/Versions/A/Backup
0x00007fff4f555000 	/System/Library/PrivateFrameworks/CrashReporterSupport.framework/Versions/A/CrashReporterSupport
0x00007fff63441000 	/System/Library/PrivateFrameworks/Sharing.framework/Versions/A/Sharing
0x00007fff48cbb000 	/System/Library/PrivateFrameworks/Apple80211.framework/Versions/A/Apple80211
0x00007fff4a494000 	/System/Library/PrivateFrameworks/AuthKit.framework/Versions/A/AuthKit
0x00007fff4f262000 	/System/Library/PrivateFrameworks/CoreUtils.framework/Versions/A/CoreUtils
0x00007fff3769b000 	/System/Library/Frameworks/CoreWLAN.framework/Versions/A/CoreWLAN
0x00007fff382bf000 	/System/Library/Frameworks/IOBluetooth.framework/Versions/A/IOBluetooth
0x00007fff5c57a000 	/System/Library/PrivateFrameworks/MobileKeyBag.framework/Versions/A/MobileKeyBag
0x00007fff4e067000 	/System/Library/PrivateFrameworks/CorePhoneNumbers.framework/Versions/A/CorePhoneNumbers
0x00007fff490ab000 	/System/Library/PrivateFrameworks/AppleIDAuthSupport.framework/Versions/A/AppleIDAuthSupport
0x00007fff3c003000 	/System/Library/Frameworks/Network.framework/Versions/A/Network
0x00007fff5ac06000 	/System/Library/PrivateFrameworks/KeychainCircle.framework/Versions/A/KeychainCircle
0x00007fff350ec000 	/System/Library/Frameworks/CoreBluetooth.framework/Versions/A/CoreBluetooth
0x00007fff654c0000 	/System/Library/PrivateFrameworks/SpeechRecognitionCore.framework/Versions/A/SpeechRecognitionCore
0x000000010fa00000 	/Library/Java/JavaVirtualMachines/jdk-16.jdk/Contents/Home/lib/server/libjvm.dylib
0x000000010f17b000 	/Library/Java/JavaVirtualMachines/jdk-16.jdk/Contents/Home/lib/libjimage.dylib
0x000000010f1d1000 	/Library/Java/JavaVirtualMachines/jdk-16.jdk/Contents/Home/lib/libjava.dylib
0x00000001158a5000 	/Library/Java/JavaVirtualMachines/jdk-16.jdk/Contents/Home/lib/libnio.dylib
0x00000001158b9000 	/Library/Java/JavaVirtualMachines/jdk-16.jdk/Contents/Home/lib/libnet.dylib
0x00000001158d3000 	/Library/Java/JavaVirtualMachines/jdk-16.jdk/Contents/Home/lib/libzip.dylib


VM Arguments:
jvm_args: -Dfile.encoding=UTF-8 -XX:+ShowCodeDetailsInExceptionMessages 
java_command: org.eclipse.persistence.internal.libraries.asm.util.CheckClassAdapter$1
java_class_path (initial): /Users/riccardocasciotti/git/DataBase2_Project/DB2ProjectEJB/build/classes:/Applications/Tomee8/lib/jaxb-runtime-2.3.3.jar:/Applications/Tomee8/lib/bval-jsr-2.0.5.jar:/Applications/Tomee8/lib/xbean-asm9-shaded-4.18.jar:/Applications/Tomee8/lib/slf4j-api-1.7.21.jar:/Applications/Tomee8/lib/microprofile-health-api-1.0.jar:/Applications/Tomee8/lib/microprofile-fault-tolerance-api-1.1.4.jar:/Applications/Tomee8/lib/jakarta.xml.bind-api-2.3.3.jar:/Applications/Tomee8/lib/tomcat-i18n-ko.jar:/Applications/Tomee8/lib/el-api.jar:/Applications/Tomee8/lib/commons-logging-1.2.jar:/Applications/Tomee8/lib/tomcat-i18n-es.jar:/Applications/Tomee8/lib/tomcat-websocket.jar:/Applications/Tomee8/lib/opensaml-xacml-saml-impl-3.4.6.jar:/Applications/Tomee8/lib/openwebbeans-ee-2.0.22.jar:/Applications/Tomee8/lib/geronimo-metrics-common-1.0.2.jar:/Applications/Tomee8/lib/serp-1.15.1.jar:/Applications/Tomee8/lib/commons-pool2-2.10.0.jar:/Applications/Tomee8/lib/cxf-rt-security-saml-3.4.3.jar:/Applications/Tomee8/lib/bcprov-jdk15on-1.69.jar:/Applications/Tomee8/lib/microprofile-opentracing-api-1.1.2.jar:/Applications/Tomee8/lib/activemq-protobuf-1.1.jar:/Applications/Tomee8/lib/johnzon-mapper-1.2.14.jar:/Applications/Tomee8/lib/opensaml-saml-api-3.4.6.jar:/Applications/Tomee8/lib/cryptacular-1.2.4.jar:/Applications/Tomee8/lib/cxf-rt-rs-security-cors-3.4.3.jar:/Applications/Tomee8/lib/cxf-rt-rs-mp-client-3.4.3.jar:/Applications/Tomee8/lib/johnzon-jsonp-strict-1.2.14.jar:/Applications/Tomee8/lib/microprofile-config-api-1.3.jar:/Applications/Tomee8/lib/slf4j-jdk14-1.7.21.jar:/Applications/Tomee8/lib/geronimo-openapi-impl-1.0.12.jar:/Applications/Tomee8/lib/microprofile-rest-client-api-1.3.3.jar:/Applications/Tomee8/lib/cxf-rt-ws-security-3.4.3.jar:/Applications/Tomee8/lib/openejb-ejbd-8.0.8.jar:/Applications/Tomee8/lib/opensaml-security-impl-3.4.6.jar:/Applications/Tomee8/lib/tomee-mojarra-8.0.8.jar:/Applications/Tomee8/lib/tomee-jdbc-8.0.8.jar:/Applications/Tomee8
Launcher Type: SUN_STANDARD

[Global flags]
     intx CICompilerCount                          = 3                                         {product} {ergonomic}
     uint ConcGCThreads                            = 1                                         {product} {ergonomic}
     uint G1ConcRefinementThreads                  = 4                                         {product} {ergonomic}
   size_t G1HeapRegionSize                         = 1048576                                   {product} {ergonomic}
    uintx GCDrainStackTargetSize                   = 64                                        {product} {ergonomic}
   size_t InitialHeapSize                          = 134217728                                 {product} {ergonomic}
   size_t MarkStackSize                            = 4194304                                   {product} {ergonomic}
   size_t MaxHeapSize                              = 2147483648                                {product} {ergonomic}
   size_t MaxNewSize                               = 1287651328                                {product} {ergonomic}
   size_t MinHeapDeltaBytes                        = 1048576                                   {product} {ergonomic}
   size_t MinHeapSize                              = 8388608                                   {product} {ergonomic}
    uintx NonNMethodCodeHeapSize                   = 5832780                                {pd product} {ergonomic}
    uintx NonProfiledCodeHeapSize                  = 122912730                              {pd product} {ergonomic}
    uintx ProfiledCodeHeapSize                     = 122912730                              {pd product} {ergonomic}
    uintx ReservedCodeCacheSize                    = 251658240                              {pd product} {ergonomic}
     bool SegmentedCodeCache                       = true                                      {product} {ergonomic}
     bool ShowCodeDetailsInExceptionMessages       = true                                   {manageable} {command line}
   size_t SoftMaxHeapSize                          = 2147483648                             {manageable} {ergonomic}
     bool UseCompressedClassPointers               = true                           {product lp64_product} {ergonomic}
     bool UseCompressedOops                        = true                           {product lp64_product} {ergonomic}
     bool UseG1GC                                  = true                                      {product} {ergonomic}
     bool UseNUMA                                  = false                                     {product} {ergonomic}
     bool UseNUMAInterleaving                      = false                                     {product} {ergonomic}

Logging:
Log output configuration:
 #0: stdout all=warning uptime,level,tags
 #1: stderr all=off uptime,level,tags

Environment Variables:
PATH=/usr/bin:/bin:/usr/sbin:/sbin
SHELL=/bin/zsh

Signal Handlers:
SIGSEGV: [libjvm.dylib+0xa7be40], sa_mask[0]=11100110000111110111111111111111, sa_flags=SA_ONSTACK|SA_RESTART|SA_SIGINFO
SIGBUS: [libjvm.dylib+0xa7be40], sa_mask[0]=11100110000111110111111111111111, sa_flags=SA_RESTART|SA_SIGINFO
SIGFPE: [libjvm.dylib+0xa7be40], sa_mask[0]=11100110000111110111111111111111, sa_flags=SA_RESTART|SA_SIGINFO
SIGPIPE: [libjvm.dylib+0x945d70], sa_mask[0]=11100110000111110111111111111111, sa_flags=SA_RESTART|SA_SIGINFO
SIGXFSZ: [libjvm.dylib+0x945d70], sa_mask[0]=11100110000111110111111111111111, sa_flags=SA_RESTART|SA_SIGINFO
SIGILL: [libjvm.dylib+0xa7be40], sa_mask[0]=11100110000111110111111111111111, sa_flags=SA_RESTART|SA_SIGINFO
SIGUSR2: [libjvm.dylib+0x946820], sa_mask[0]=00100000000000000000000000000000, sa_flags=SA_RESTART|SA_SIGINFO
SIGHUP: [libjvm.dylib+0x944de0], sa_mask[0]=11100110000111110111111111111111, sa_flags=SA_RESTART|SA_SIGINFO
SIGINT: [libjvm.dylib+0x944de0], sa_mask[0]=11100110000111110111111111111111, sa_flags=SA_RESTART|SA_SIGINFO
SIGTERM: [libjvm.dylib+0x944de0], sa_mask[0]=11100110000111110111111111111111, sa_flags=SA_RESTART|SA_SIGINFO
SIGQUIT: [libjvm.dylib+0x944de0], sa_mask[0]=11100110000111110111111111111111, sa_flags=SA_RESTART|SA_SIGINFO
SIGTRAP: [libjvm.dylib+0xa7be40], sa_mask[0]=11100110000111110111111111111111, sa_flags=SA_RESTART|SA_SIGINFO


---------------  S Y S T E M  ---------------

OS:uname: Darwin 19.6.0 Darwin Kernel Version 19.6.0: Tue Jan 12 22:13:05 PST 2021; root:xnu-6153.141.16~1/RELEASE_X86_64 x86_64
OS uptime: 0 days 2:19 hours
rlimit (soft/hard): STACK 8192k/65532k , CORE 0k/infinity , NPROC 1392/2088 , NOFILE 10240/infinity , AS infinity/infinity , CPU infinity/infinity , DATA infinity/infinity , FSIZE infinity/infinity , MEMLOCK infinity/infinity , RSS infinity/infinity
load average: 1.52 1.65 1.98

CPU: total 4 (initial active 4) (2 cores per cpu, 2 threads per core) family 6 model 61 stepping 4 microcode 0x2f, cx8, cmov, fxsr, ht, mmx, 3dnowpref, sse, sse2, sse3, ssse3, sse4.1, sse4.2, popcnt, lzcnt, tsc, tscinvbit, avx, avx2, aes, erms, clmul, bmi1, bmi2, adx, fma, vzeroupper, clflush

Memory: 4k page, physical 8388608k(54424k free), swap 0k(0k free)

vm_info: Java HotSpot(TM) 64-Bit Server VM (16+36-2231) for bsd-amd64 JRE (16+36-2231), built on Feb  8 2021 11:41:03 by "mach5one" with clang 4.2.1 Compatible Apple LLVM 11.0.0 (clang-1100.0.33.17)

END.
